<?xml version="1.0" encoding="UTF-8"?>
<!-- Generated by org.testng.reporters.JUnitReportReporter -->
<testsuite skipped="1" hostname="BLT032" name="com.cts.test.shopTest" tests="1" failures="0" timestamp="2020-03-16T16:59:19 IST" time="0.000" errors="0">
  <testcase name="placeOrderTest" time="0.000" classname="com.cts.test.shopTest">
    <skipped/>
  </testcase> <!-- placeOrderTest -->
</testsuite> <!-- com.cts.test.shopTest -->
